29001  transactions
0xe7af11370c3bab51230d8307454350bdf6d68f4a 0x138a35ee20e40f019e7e7c00386ab2ef42d66d1e
0x04a2a3a3b1e79feb22ca7500a09dba19d94ce5b9cad5b862c5913e6c6a66f5cc
Result {
  '0': '0x273f7F8E6489682Df756151F5525576E322d51A3',
  __length__: 1,
  _heroAssetAddress: '0x273f7F8E6489682Df756151F5525576E322d51A3'
}
creator setHeroAssetAddress  success
0xe7af11370c3bab51230d8307454350bdf6d68f4a 0x138a35ee20e40f019e7e7c00386ab2ef42d66d1e
0x2a551eda95e1add43d17f10c4be43bc89d11f016b713159a99f6279dbfc88ab8
Result {
  '0': '0x736dd132D100B15425E5F7F442bC2bA4BfAE4dD3',
  __length__: 1,
  newOwner: '0x736dd132D100B15425E5F7F442bC2bA4BfAE4dD3'
}
creator transferOwnership  success
0x12bcefaff8878f84fdd4ce2f33c3b49ee43de948 0x138a35ee20e40f019e7e7c00386ab2ef42d66d1e
0x73c9139df2cae0b86179a6c4486fda519ef6362fb1b52f550d1f96a40659ac91
Result { '0': '30070001', __length__: 1, _tokenId: '30070001' }
user88 depositHeroToGateway 30070001 success
user154 fallback fail
0x736dd132d100b15425e5f7f442bc2ba4bfae4dd3 0x138a35ee20e40f019e7e7c00386ab2ef42d66d1e
0x2367de085138e64df6b52bed4e93bcf7615b1ef6ded989649dadf100830eaef9
Result {
  '0': '0x12BCEFAff8878F84Fdd4ce2f33C3b49Ee43dE948',
  '1': '30070001',
  '2': '0x626830646e737637676463746872673135676530000000000000000000000000',
  __length__: 3,
  _assetOwner: '0x12BCEFAff8878F84Fdd4ce2f33C3b49Ee43dE948',
  _tokenId: '30070001',
  _eventHash: '0x626830646e737637676463746872673135676530000000000000000000000000'
}
user4 withdrawHeroToAssetOwnerByAdmin 30070001 success
0x12bcefaff8878f84fdd4ce2f33c3b49ee43de948 0x138a35ee20e40f019e7e7c00386ab2ef42d66d1e
0x90af49b644004cdd3824cbe281240640e29d5aa32ae313daf516bef38dd9a282
Result { '0': '30070001', __length__: 1, _tokenId: '30070001' }
user88 depositHeroToGateway 30070001 success
0x736dd132d100b15425e5f7f442bc2ba4bfae4dd3 0x138a35ee20e40f019e7e7c00386ab2ef42d66d1e
0x0441480a8f7c4631f7286213fe2cc91cb87df64fcc77a8544f428c72d305a0e5
Result {
  '0': '0x12BCEFAff8878F84Fdd4ce2f33C3b49Ee43dE948',
  '1': '30070001',
  '2': '0x62683573673463723969703861316e3232387467000000000000000000000000',
  __length__: 3,
  _assetOwner: '0x12BCEFAff8878F84Fdd4ce2f33C3b49Ee43dE948',
  _tokenId: '30070001',
  _eventHash: '0x62683573673463723969703861316e3232387467000000000000000000000000'
}
user4 withdrawHeroToAssetOwnerByAdmin 30070001 success
0xd62d284e404ade4f76dd7095a135639fe953d331 0x138a35ee20e40f019e7e7c00386ab2ef42d66d1e
0x95bf4964b91fb19e86255bc06426fc2caa6ea3d63c89af9ea468218723ccc92c
Result { '0': '30070001', __length__: 1, _tokenId: '30070001' }
user937 depositHeroToGateway 30070001 success
0x736dd132d100b15425e5f7f442bc2ba4bfae4dd3 0x138a35ee20e40f019e7e7c00386ab2ef42d66d1e
0xeeb3b830e5d30670250dfac77de21163470d921c438749da963450ca49d7826f  
( 1383 Steps and 2 actions https://etherscan.io/vmtrace?txhash=0xeeb3b830e5d30670250dfac77de21163470d921c438749da963450ca49d7826f&type=parity#decoded)
Result {
  '0': '0x12BCEFAff8878F84Fdd4ce2f33C3b49Ee43dE948',
  '1': '30070001',
  '2': '0x62683573673463723969703861316e3232387467000000000000000000000000',
  __length__: 3,
  _assetOwner: '0x12BCEFAff8878F84Fdd4ce2f33C3b49Ee43dE948',
  _tokenId: '30070001',
  _eventHash: '0x62683573673463723969703861316e3232387467000000000000000000000000'
}
******
Step1. transfer token from 0x12BC.. to 0xe7F...(MCH: Owner)
https://etherscan.io/tx/0x01b29375daf337ab4016af2d65a889e70611b79f17fc6d9e94e62c419402436c
#	Name	Type	Data
0	from	address	0x12BCEFAff8878F84Fdd4ce2f33C3b49Ee43dE948
1	to	address	0xe7aF11370C3BaB51230D8307454350bDf6d68f4a
2	tokenId	uint256	30070001

Step2. transfer token from 0xe7F... to 0x138A (Hero Gateway 1)
https://etherscan.io/tx/0xb8f666af9cc422cd1cc0d8f230cf1a964ed8e5f979488b2d462cc4d3066d0d99
	Name	Type	Data
0	from	address	0xe7aF11370C3BaB51230D8307454350bDf6d68f4a
1	to	address	0x138A35eE20E40f019e7e7c00386ab2Ef42d66d1e
2	tokenId	uint256	30080169
****
user4 withdrawHeroToAssetOwnerByAdmin 30070001 success
creator fallback fail
0x736dd132d100b15425e5f7f442bc2ba4bfae4dd3 0x138a35ee20e40f019e7e7c00386ab2ef42d66d1e
0x4ca627dff4d8392ee63dc44518dbefa739ea8362f61ca93e17c59c6599ce033d
(1786 steps and 3 actions https://etherscan.io/vmtrace?txhash=0x4ca627dff4d8392ee63dc44518dbefa739ea8362f61ca93e17c59c6599ce033d&type=parity)
Result {
  '0': '0x185b257AA51Fdc45176cF1FfaC6a0bFB5cF28afD',
  '1': '30070001',
  '2': '0x62726d32696f6b70376a76703430626a6e757230000000000000000000000000',
  __length__: 3,
  _assetOwner: '0x185b257AA51Fdc45176cF1FfaC6a0bFB5cF28afD',
  _tokenId: '30070001',
  _eventHash: '0x62726d32696f6b70376a76703430626a6e757230000000000000000000000000'
}
user4 withdrawHeroToAssetOwnerByAdmin 30070001 success
